<?xml version="1.0" encoding="UTF-8"?>
<testsuite xmlns:xsi="http://www.w3.org/2001/XMLSchema-instance" xsi:noNamespaceSchemaLocation="https://maven.apache.org/surefire/maven-surefire-plugin/xsd/surefire-test-report.xsd" name="org.tryHard.IntegerToRomanTest" time="0.038" tests="3" errors="0" skipped="0" failures="0">
  <properties>
[...]
</properties>
  <testcase name="testConvertNegativeNumber" classname="org.tryHard.IntegerToRomanTest" time="0.002"/>
  <testcase name="testConvertFirstThreeNumbers" classname="org.tryHard.IntegerToRomanTest" time="0.003"/>
  <testcase name="testConvertZeroNumber" classname="org.tryHard.IntegerToRomanTest" time="0"/>
</testsuite>